<?xml version="1.0" encoding="UTF-8"?>
<!-- Generated by org.testng.reporters.JUnitXMLReporter -->
<testsuite ignored="0" hostname="DESKTOP-68UNFF8" failures="0" tests="4" name="E2E Test" time="63.224" errors="0" timestamp="2024-05-23T23:37:31 IST">
  <testcase classname="AutomationFrameworkDesign.Tests.FirstE2ETest2" name="E2ETest" time="17.307"/>
  <testcase classname="AutomationFrameworkDesign.Tests.FirstE2ETest2" name="E2ETest" time="14.513"/>
  <testcase classname="AutomationFrameworkDesign.Tests.FirstE2ETest2" name="orderHistory" time="1.152"/>
  <testcase classname="AutomationFrameworkDesign.Tests.FirstE2ETest2" name="orderHistory" time="1.021"/>
</testsuite> <!-- E2E Test -->
