<?xml version="1.0" encoding="UTF-8"?>
<!-- Generated by org.testng.reporters.JUnitXMLReporter -->
<testsuite ignored="0" hostname="DESKTOP-68UNFF8" failures="0" tests="4" name="E2E Test" time="99.189" errors="0" timestamp="2024-06-08T13:41:06 IST">
  <testcase classname="AutomationFrameworkDesign.Tests.FirstE2ETest2" name="E2ETest" time="15.421"/>
  <testcase classname="AutomationFrameworkDesign.Tests.FirstE2ETest2" name="E2ETest" time="14.563"/>
  <testcase classname="AutomationFrameworkDesign.Tests.FirstE2ETest2" name="orderHistory" time="1.203"/>
  <testcase classname="AutomationFrameworkDesign.Tests.FirstE2ETest2" name="orderHistory" time="0.853"/>
</testsuite> <!-- E2E Test -->
