<?xml version="1.0" encoding="UTF-8"?>
<!-- Generated by org.testng.reporters.JUnitXMLReporter -->
<testsuite ignored="0" hostname="DESKTOP-68UNFF8" failures="0" tests="4" name="E2E Test" time="74.331" errors="0" timestamp="2024-06-08T08:38:02 IST">
  <testcase classname="AutomationFrameworkDesign.Tests.FirstE2ETest2" name="E2ETest" time="11.012"/>
  <testcase classname="AutomationFrameworkDesign.Tests.FirstE2ETest2" name="E2ETest" time="14.222"/>
  <testcase classname="AutomationFrameworkDesign.Tests.FirstE2ETest2" name="orderHistory" time="1.109"/>
  <testcase classname="AutomationFrameworkDesign.Tests.FirstE2ETest2" name="orderHistory" time="0.856"/>
</testsuite> <!-- E2E Test -->
