<?xml version="1.0" encoding="UTF-8"?>
<!-- Generated by org.testng.reporters.JUnitXMLReporter -->
<testsuite ignored="0" hostname="DESKTOP-68UNFF8" failures="0" tests="2" name="Error Validation Test" time="38.91" errors="0" timestamp="2024-06-08T08:37:28 IST">
  <testcase classname="AutomationFrameworkDesign.Tests.ErrorValidations" name="loginErrorValidation" time="1.469"/>
  <testcase classname="AutomationFrameworkDesign.Tests.ErrorValidations" name="productErrorValidation" time="0.419"/>
</testsuite> <!-- Error Validation Test -->
