<?xml version="1.0" encoding="UTF-8"?>
<!-- Generated by org.testng.reporters.JUnitXMLReporter -->
<testsuite ignored="0" hostname="DESKTOP-68UNFF8" failures="0" tests="2" name="Error Validation Test" time="44.634" errors="0" timestamp="2024-06-08T13:40:13 IST">
  <testcase classname="AutomationFrameworkDesign.Tests.ErrorValidations" name="loginErrorValidation" time="1.039"/>
  <testcase classname="AutomationFrameworkDesign.Tests.ErrorValidations" name="productErrorValidation" time="0.795"/>
</testsuite> <!-- Error Validation Test -->
