<?xml version="1.0" encoding="UTF-8"?>
<testng-results ignored="0" total="6" passed="6" failed="0" skipped="0">
  <reporter-output>
  </reporter-output>
  <suite started-at="2024-06-08T13:39:26 IST" name="Suite" finished-at="2024-06-08T13:41:06 IST" duration-ms="99189">
    <groups>
      <group name="Retail">
        <method signature="FirstE2ETest2.E2ETest(java.util.HashMap)[pri:0, instance:AutomationFrameworkDesign.Tests.FirstE2ETest2@7e4204e2]" name="E2ETest" class="AutomationFrameworkDesign.Tests.FirstE2ETest2"/>
      </group> <!-- Retail -->
      <group name="errorHandling">
        <method signature="ErrorValidations.loginErrorValidation()[pri:0, instance:AutomationFrameworkDesign.Tests.ErrorValidations@f316aeb]" name="loginErrorValidation" class="AutomationFrameworkDesign.Tests.ErrorValidations"/>
      </group> <!-- errorHandling -->
    </groups>
    <test started-at="2024-06-08T13:39:26 IST" name="Error Validation Test" finished-at="2024-06-08T13:40:11 IST" duration-ms="44634">
      <class name="AutomationFrameworkDesign.Tests.ErrorValidations">
        <test-method is-config="true" signature="launchApplication()[pri:0, instance:AutomationFrameworkDesign.Tests.ErrorValidations@f316aeb]" started-at="2024-06-08T13:39:27 IST" name="launchApplication" finished-at="2024-06-08T13:40:00 IST" duration-ms="33574" status="PASS">
          <reporter-output>
          </reporter-output>
        </test-method> <!-- launchApplication -->
        <test-method signature="loginErrorValidation()[pri:0, instance:AutomationFrameworkDesign.Tests.ErrorValidations@f316aeb]" started-at="2024-06-08T13:40:00 IST" name="loginErrorValidation" finished-at="2024-06-08T13:40:01 IST" duration-ms="1039" status="PASS">
          <reporter-output>
          </reporter-output>
        </test-method> <!-- loginErrorValidation -->
        <test-method is-config="true" signature="closeTabs()[pri:0, instance:AutomationFrameworkDesign.Tests.ErrorValidations@f316aeb]" started-at="2024-06-08T13:40:01 IST" name="closeTabs" finished-at="2024-06-08T13:40:02 IST" duration-ms="650" status="PASS">
          <reporter-output>
          </reporter-output>
        </test-method> <!-- closeTabs -->
        <test-method is-config="true" signature="launchApplication()[pri:0, instance:AutomationFrameworkDesign.Tests.ErrorValidations@f316aeb]" started-at="2024-06-08T13:40:02 IST" name="launchApplication" finished-at="2024-06-08T13:40:10 IST" duration-ms="7856" status="PASS">
          <reporter-output>
          </reporter-output>
        </test-method> <!-- launchApplication -->
        <test-method signature="productErrorValidation()[pri:0, instance:AutomationFrameworkDesign.Tests.ErrorValidations@f316aeb]" started-at="2024-06-08T13:40:10 IST" name="productErrorValidation" finished-at="2024-06-08T13:40:10 IST" duration-ms="795" status="PASS">
          <reporter-output>
          </reporter-output>
        </test-method> <!-- productErrorValidation -->
        <test-method is-config="true" signature="closeTabs()[pri:0, instance:AutomationFrameworkDesign.Tests.ErrorValidations@f316aeb]" started-at="2024-06-08T13:40:10 IST" name="closeTabs" finished-at="2024-06-08T13:40:11 IST" duration-ms="617" status="PASS">
          <reporter-output>
          </reporter-output>
        </test-method> <!-- closeTabs -->
      </class> <!-- AutomationFrameworkDesign.Tests.ErrorValidations -->
    </test> <!-- Error Validation Test -->
    <test started-at="2024-06-08T13:39:26 IST" name="E2E Test" finished-at="2024-06-08T13:41:06 IST" duration-ms="99189">
      <class name="AutomationFrameworkDesign.Tests.FirstE2ETest2">
        <test-method is-config="true" signature="launchApplication()[pri:0, instance:AutomationFrameworkDesign.Tests.FirstE2ETest2@7e4204e2]" started-at="2024-06-08T13:39:27 IST" name="launchApplication" finished-at="2024-06-08T13:40:10 IST" duration-ms="42758" status="PASS">
          <reporter-output>
          </reporter-output>
        </test-method> <!-- launchApplication -->
        <test-method signature="E2ETest(java.util.HashMap)[pri:0, instance:AutomationFrameworkDesign.Tests.FirstE2ETest2@7e4204e2]" started-at="2024-06-08T13:40:10 IST" name="E2ETest" data-provider="getData" finished-at="2024-06-08T13:40:25 IST" duration-ms="15421" status="PASS">
          <params>
            <param index="0">
              <value>
                <![CDATA[{product2=ADIDAS ORIGINAL, product1=IPHONE 13 PRO, password=Flashback@123, email=test454424@gmail.com}]]>
              </value>
            </param>
          </params>
          <reporter-output>
          </reporter-output>
        </test-method> <!-- E2ETest -->
        <test-method is-config="true" signature="closeTabs()[pri:0, instance:AutomationFrameworkDesign.Tests.FirstE2ETest2@7e4204e2]" started-at="2024-06-08T13:40:25 IST" name="closeTabs" finished-at="2024-06-08T13:40:25 IST" duration-ms="323" status="PASS">
          <reporter-output>
          </reporter-output>
        </test-method> <!-- closeTabs -->
        <test-method is-config="true" signature="launchApplication()[pri:0, instance:AutomationFrameworkDesign.Tests.FirstE2ETest2@7e4204e2]" started-at="2024-06-08T13:40:25 IST" name="launchApplication" finished-at="2024-06-08T13:40:34 IST" duration-ms="8633" status="PASS">
          <reporter-output>
          </reporter-output>
        </test-method> <!-- launchApplication -->
        <test-method signature="E2ETest(java.util.HashMap)[pri:0, instance:AutomationFrameworkDesign.Tests.FirstE2ETest2@7e4204e2]" started-at="2024-06-08T13:40:34 IST" name="E2ETest" data-provider="getData" finished-at="2024-06-08T13:40:49 IST" duration-ms="14563" status="PASS">
          <params>
            <param index="0">
              <value>
                <![CDATA[{product2=IPHONE 13 PRO, product1=ZARA COAT 3, password=Flashback@123, email=test454424@gmail.com}]]>
              </value>
            </param>
          </params>
          <reporter-output>
          </reporter-output>
        </test-method> <!-- E2ETest -->
        <test-method is-config="true" signature="closeTabs()[pri:0, instance:AutomationFrameworkDesign.Tests.FirstE2ETest2@7e4204e2]" started-at="2024-06-08T13:40:49 IST" name="closeTabs" finished-at="2024-06-08T13:40:49 IST" duration-ms="252" status="PASS">
          <reporter-output>
          </reporter-output>
        </test-method> <!-- closeTabs -->
        <test-method is-config="true" signature="launchApplication()[pri:0, instance:AutomationFrameworkDesign.Tests.FirstE2ETest2@7e4204e2]" started-at="2024-06-08T13:40:49 IST" name="launchApplication" finished-at="2024-06-08T13:40:56 IST" duration-ms="7447" status="PASS">
          <reporter-output>
          </reporter-output>
        </test-method> <!-- launchApplication -->
        <test-method signature="orderHistory(java.util.HashMap)[pri:0, instance:AutomationFrameworkDesign.Tests.FirstE2ETest2@7e4204e2]" started-at="2024-06-08T13:40:56 IST" name="orderHistory" data-provider="getData" finished-at="2024-06-08T13:40:58 IST" depends-on-methods="AutomationFrameworkDesign.Tests.FirstE2ETest2.E2ETest" duration-ms="1203" status="PASS">
          <params>
            <param index="0">
              <value>
                <![CDATA[{product2=ADIDAS ORIGINAL, product1=IPHONE 13 PRO, password=Flashback@123, email=test454424@gmail.com}]]>
              </value>
            </param>
          </params>
          <reporter-output>
          </reporter-output>
        </test-method> <!-- orderHistory -->
        <test-method is-config="true" signature="closeTabs()[pri:0, instance:AutomationFrameworkDesign.Tests.FirstE2ETest2@7e4204e2]" started-at="2024-06-08T13:40:58 IST" name="closeTabs" finished-at="2024-06-08T13:40:58 IST" duration-ms="172" status="PASS">
          <reporter-output>
          </reporter-output>
        </test-method> <!-- closeTabs -->
        <test-method is-config="true" signature="launchApplication()[pri:0, instance:AutomationFrameworkDesign.Tests.FirstE2ETest2@7e4204e2]" started-at="2024-06-08T13:40:58 IST" name="launchApplication" finished-at="2024-06-08T13:41:05 IST" duration-ms="6805" status="PASS">
          <reporter-output>
          </reporter-output>
        </test-method> <!-- launchApplication -->
        <test-method signature="orderHistory(java.util.HashMap)[pri:0, instance:AutomationFrameworkDesign.Tests.FirstE2ETest2@7e4204e2]" started-at="2024-06-08T13:41:05 IST" name="orderHistory" data-provider="getData" finished-at="2024-06-08T13:41:05 IST" depends-on-methods="AutomationFrameworkDesign.Tests.FirstE2ETest2.E2ETest" duration-ms="853" status="PASS">
          <params>
            <param index="0">
              <value>
                <![CDATA[{product2=IPHONE 13 PRO, product1=ZARA COAT 3, password=Flashback@123, email=test454424@gmail.com}]]>
              </value>
            </param>
          </params>
          <reporter-output>
          </reporter-output>
        </test-method> <!-- orderHistory -->
        <test-method is-config="true" signature="closeTabs()[pri:0, instance:AutomationFrameworkDesign.Tests.FirstE2ETest2@7e4204e2]" started-at="2024-06-08T13:41:05 IST" name="closeTabs" finished-at="2024-06-08T13:41:06 IST" duration-ms="187" status="PASS">
          <reporter-output>
          </reporter-output>
        </test-method> <!-- closeTabs -->
      </class> <!-- AutomationFrameworkDesign.Tests.FirstE2ETest2 -->
    </test> <!-- E2E Test -->
  </suite> <!-- Suite -->
</testng-results>
