<?xml version="1.0" encoding="UTF-8"?>
<testng-results ignored="0" total="1" passed="1" failed="0" skipped="0">
  <reporter-output>
  </reporter-output>
  <suite started-at="2024-06-05T01:47:36 IST" name="Default suite" finished-at="2024-06-05T01:47:43 IST" duration-ms="6881">
    <groups>
      <group name="cucumber">
        <method signature="AbstractTestNGCucumberTests.runScenario(io.cucumber.testng.PickleWrapper,io.cucumber.testng.FeatureWrapper)[pri:0, instance:cucumberTestNG.TestNGTestrunner@5a7fe64f]" name="runScenario" class="io.cucumber.testng.AbstractTestNGCucumberTests"/>
      </group> <!-- cucumber -->
    </groups>
    <test started-at="2024-06-05T01:47:36 IST" name="Default test" finished-at="2024-06-05T01:47:43 IST" duration-ms="6881">
      <class name="cucumberTestNG.TestNGTestrunner">
        <test-method is-config="true" signature="setUpClass(org.testng.ITestContext)[pri:0, instance:cucumberTestNG.TestNGTestrunner@5a7fe64f]" started-at="2024-06-05T01:47:36 IST" name="setUpClass" finished-at="2024-06-05T01:47:37 IST" duration-ms="761" status="PASS">
          <params>
            <param index="0">
              <value>
                <![CDATA[org.testng.TestRunner@ea52184]]>
              </value>
            </param>
          </params>
          <reporter-output>
          </reporter-output>
        </test-method> <!-- setUpClass -->
        <test-method signature="runScenario(io.cucumber.testng.PickleWrapper,io.cucumber.testng.FeatureWrapper)[pri:0, instance:cucumberTestNG.TestNGTestrunner@5a7fe64f]" started-at="2024-06-05T01:47:37 IST" name="runScenario" description="Runs Cucumber Scenarios" data-provider="scenarios" finished-at="2024-06-05T01:47:43 IST" duration-ms="6002" status="PASS">
          <params>
            <param index="0">
              <value>
                <![CDATA["Validating error"]]>
              </value>
            </param>
            <param index="1">
              <value>
                <![CDATA["Try to login to ecommerce and fail"]]>
              </value>
            </param>
          </params>
          <reporter-output>
          </reporter-output>
        </test-method> <!-- runScenario -->
        <test-method is-config="true" signature="tearDownClass()[pri:0, instance:cucumberTestNG.TestNGTestrunner@5a7fe64f]" started-at="2024-06-05T01:47:43 IST" name="tearDownClass" finished-at="2024-06-05T01:47:43 IST" duration-ms="36" status="PASS">
          <reporter-output>
          </reporter-output>
        </test-method> <!-- tearDownClass -->
      </class> <!-- cucumberTestNG.TestNGTestrunner -->
    </test> <!-- Default test -->
  </suite> <!-- Default suite -->
</testng-results>
